TN:
SF:src\modules\account\useCases\authenticate\AuthenticateUseCase.ts
FN:14,AuthenticateUseCase
FN:18,Object.<anonymous>.AuthenticateUseCase.execute
FNF:2
FNH:2
FNDA:3,AuthenticateUseCase
FNDA:3,Object.<anonymous>.AuthenticateUseCase.execute
DA:1,1
DA:2,1
DA:3,1
DA:4,1
DA:5,1
DA:6,1
DA:7,1
DA:8,1
DA:9,1
DA:10,1
DA:11,1
DA:12,1
DA:13,1
DA:14,1
DA:15,3
DA:16,3
DA:17,3
DA:18,1
DA:19,3
DA:20,3
DA:21,3
DA:22,3
DA:23,1
DA:24,1
DA:25,2
DA:26,2
DA:27,3
DA:28,3
DA:29,1
DA:30,1
DA:31,1
DA:32,1
DA:33,1
DA:34,1
DA:35,1
DA:36,1
DA:37,1
DA:38,1
DA:39,1
DA:40,1
DA:41,1
DA:42,3
DA:43,1
LF:43
LH:43
BRDA:12,0,0,1
BRDA:14,1,0,3
BRDA:18,2,0,3
BRDA:20,3,0,3
BRDA:22,4,0,1
BRDA:25,5,0,2
BRDA:28,6,0,1
BRF:7
BRH:7
end_of_record
TN:
SF:src\modules\investments\useCases\createInvestment\CreateInvestmentUseCase.ts
FN:16,CreateInvestmentUseCase
FN:25,Object.<anonymous>.CreateInvestmentUseCase.execute
FNF:2
FNH:2
FNDA:4,CreateInvestmentUseCase
FNDA:4,Object.<anonymous>.CreateInvestmentUseCase.execute
DA:1,1
DA:2,1
DA:3,1
DA:4,1
DA:5,1
DA:6,1
DA:7,1
DA:8,1
DA:9,1
DA:10,1
DA:11,1
DA:12,1
DA:13,1
DA:14,1
DA:15,1
DA:16,1
DA:17,4
DA:18,4
DA:19,4
DA:20,4
DA:21,4
DA:22,4
DA:23,4
DA:24,1
DA:25,1
DA:26,4
DA:27,4
DA:28,4
DA:29,4
DA:30,1
DA:31,1
DA:32,3
DA:33,4
DA:34,1
DA:35,1
DA:36,2
DA:37,2
DA:38,2
DA:39,2
DA:40,2
DA:41,2
DA:42,2
DA:43,2
DA:44,4
DA:45,1
DA:46,1
DA:47,1
DA:48,1
DA:49,1
DA:50,1
DA:51,4
DA:52,4
DA:53,4
DA:54,1
LF:54
LH:54
BRDA:14,0,0,1
BRDA:16,1,0,4
BRDA:25,2,0,4
BRDA:27,3,0,4
BRDA:29,4,0,1
BRDA:32,5,0,3
BRDA:33,6,0,1
BRDA:36,7,0,2
BRDA:44,8,0,1
BRF:9
BRH:9
end_of_record
TN:
SF:src\modules\investments\useCases\withdrawnInvestment\useCases\WithdrawnInvestmentUseCase.ts
FN:19,WithdrawnInvestmentUseCase
FN:28,Object.<anonymous>.WithdrawnInvestmentUseCase.execute
FNF:2
FNH:2
FNDA:2,WithdrawnInvestmentUseCase
FNDA:2,Object.<anonymous>.WithdrawnInvestmentUseCase.execute
DA:1,1
DA:2,1
DA:3,1
DA:4,1
DA:5,1
DA:6,1
DA:7,1
DA:8,1
DA:9,1
DA:10,1
DA:11,1
DA:12,1
DA:13,1
DA:14,1
DA:15,1
DA:16,1
DA:17,1
DA:18,1
DA:19,1
DA:20,2
DA:21,2
DA:22,2
DA:23,2
DA:24,2
DA:25,2
DA:26,2
DA:27,1
DA:28,1
DA:29,2
DA:30,2
DA:31,2
DA:32,2
DA:33,1
DA:34,1
DA:35,1
DA:36,2
DA:37,2
DA:38,2
DA:39,2
DA:40,2
DA:41,2
DA:42,2
DA:43,2
DA:44,2
DA:45,2
DA:46,2
DA:47,2
DA:48,2
DA:49,2
DA:50,2
DA:51,2
DA:52,2
DA:53,2
DA:54,2
DA:55,2
DA:56,2
DA:57,2
DA:58,2
DA:59,2
DA:60,1
LF:60
LH:60
BRDA:17,0,0,1
BRDA:19,1,0,2
BRDA:28,2,0,2
BRDA:30,3,0,2
BRDA:32,4,0,1
BRDA:36,5,0,0
BRF:6
BRH:5
end_of_record
TN:
SF:src\modules\investors\useCases\createInvestor\CreateInvestorUseCase.ts
FN:10,CreateInvestorUseCase
FN:15,Object.<anonymous>.CreateInvestorUseCase.execute
FNF:2
FNH:2
FNDA:9,CreateInvestorUseCase
FNDA:6,Object.<anonymous>.CreateInvestorUseCase.execute
DA:1,1
DA:2,1
DA:3,1
DA:4,1
DA:5,1
DA:6,1
DA:7,1
DA:8,3
DA:9,3
DA:10,3
DA:11,9
DA:12,9
DA:13,9
DA:14,3
DA:15,3
DA:16,6
DA:17,6
DA:18,6
DA:19,6
DA:20,1
DA:21,1
DA:22,5
DA:23,5
DA:24,6
DA:25,6
DA:26,6
DA:27,6
DA:28,6
DA:29,6
DA:30,6
DA:31,6
DA:32,6
DA:33,3
LF:33
LH:33
BRDA:8,0,0,3
BRDA:10,1,0,9
BRDA:15,2,0,6
BRDA:17,3,0,6
BRDA:19,4,0,1
BRDA:22,5,0,5
BRF:6
BRH:6
end_of_record
